Initializing STILT
Commit ID: fc4daceee2f608650040688213fdb53554d37b62
Number of receptors: 110
Number of parallel workers: 16
Single node parallelization. Dispatching worker processes...
Running simulation ID:   0
Running simulation ID:   1
Running simulation ID:   2
Running simulation ID:   3
Running simulation ID:   4
Running simulation ID:   5
Running simulation ID:   6
Running simulation ID:   7
Running simulation ID:   8
Running simulation ID:   9
Running simulation ID:   10
Running simulation ID:   11
Running simulation ID:   12
Running simulation ID:   13
Running simulation ID:   14
Running simulation ID:   15
Running simulation ID:   16
Running simulation ID:   17
Running simulation ID:   18
Running simulation ID:   19
Running simulation ID:   20
Running simulation ID:   21
Running simulation ID:   22
Running simulation ID:   23
Running simulation ID:   24
Running simulation ID:   25
Running simulation ID:   26
Running simulation ID:   27
Running simulation ID:   28
Running simulation ID:   29
Running simulation ID:   30
Running simulation ID:   31
Running simulation ID:   32
Running simulation ID:   33
Running simulation ID:   34
Running simulation ID:   35
Running simulation ID:   36
Running simulation ID:   37
Running simulation ID:   38
Running simulation ID:   39
Running simulation ID:   40
Running simulation ID:   41
Running simulation ID:   42
Running simulation ID:   43
Running simulation ID:   44
Running simulation ID:   45
Running simulation ID:   46
Running simulation ID:   47
Running simulation ID:   48
Running simulation ID:   49
Running simulation ID:   50
Running simulation ID:   51
Running simulation ID:   52
Running simulation ID:   53
Running simulation ID:   54
Running simulation ID:   55
Running simulation ID:   56
Running simulation ID:   57
Running simulation ID:   58
Running simulation ID:   59
Running simulation ID:   60
Running simulation ID:   61
Running simulation ID:   62
Running simulation ID:   63
Running simulation ID:   64
Running simulation ID:   65
Running simulation ID:   66
Running simulation ID:   67
Running simulation ID:   68
Running simulation ID:   69
Running simulation ID:   70
Running simulation ID:   71
Running simulation ID:   72
Running simulation ID:   73
Running simulation ID:   74
Running simulation ID:   75
Running simulation ID:   76
Running simulation ID:   77
Running simulation ID:   78
Running simulation ID:   79
Running simulation ID:   80
Running simulation ID:   81
Running simulation ID:   82
Running simulation ID:   83
Running simulation ID:   84
Running simulation ID:   85
Running simulation ID:   86
Running simulation ID:   87
Running simulation ID:   88
Running simulation ID:   89
Running simulation ID:   90
Running simulation ID:   91
Running simulation ID:   92
Running simulation ID:   93
Running simulation ID:   94
Running simulation ID:   95
Running simulation ID:   96
Running simulation ID:   97
Running simulation ID:   98
Running simulation ID:   99
Running simulation ID:   100
Running simulation ID:   101
Running simulation ID:   102
Running simulation ID:   103
Running simulation ID:   104
Running simulation ID:   105
Running simulation ID:   106
Running simulation ID:   107
Running simulation ID:   108
Running simulation ID:   109
Initializing STILT
Commit ID: fc4daceee2f608650040688213fdb53554d37b62
Number of receptors: 33
Number of parallel workers: 16
Single node parallelization. Dispatching worker processes...
Running simulation ID:   1
Running simulation ID:   0
Running simulation ID:   2
Running simulation ID:   3
Running simulation ID:   4
Running simulation ID:   5
Running simulation ID:   6
Running simulation ID:   7
Running simulation ID:   8
Running simulation ID:   9
Running simulation ID:   10
Running simulation ID:   11
Running simulation ID:   12
Running simulation ID:   13
Running simulation ID:   14
Running simulation ID:   15
Running simulation ID:   16
Running simulation ID:   17
Running simulation ID:   18
Running simulation ID:   19
Running simulation ID:   20
Running simulation ID:   21
Running simulation ID:   22
Running simulation ID:   23
Running simulation ID:   24
Running simulation ID:   25
Running simulation ID:   26
Running simulation ID:   27
Running simulation ID:   28
Running simulation ID:   29
Running simulation ID:   30
Running simulation ID:   31
Running simulation ID:   32
